<?xml version="1.0" encoding="UTF-8"?>
<!-- Generated by org.testng.reporters.JUnitReportReporter -->
<testsuite skipped="0" hostname="SAITDEV13" name="TestMavenPackage.TestClass" tests="1" failures="0" timestamp="19 May 2020 20:20:16 GMT" time="4.677" errors="0">
  <testcase name="TC01_TestGoogle" time="4.677" classname="TestMavenPackage.TestClass"/>
</testsuite> <!-- TestMavenPackage.TestClass -->
